This is XeTeX, Version 3.14159265-2.6-0.99998 (TeX Live 2017/Debian) (preloaded format=xelatex 2018.12.29)  26 MAY 2019 11:51
entering extended mode
 restricted \write18 enabled.
 %&-line parsing enabled.
**adv.tex
(./adv.tex
LaTeX2e <2017-04-15>
Babel <3.18> and hyphenation patterns for 84 language(s) loaded.
(./IEEEtran.cls
Document Class: IEEEtran 2012/12/27 V1.8 by Michael Shell
-- See the "IEEEtran_HOWTO" manual for usage information.
-- http://www.michaelshell.org/tex/ieeetran/
\@IEEEtrantmpdimenA=\dimen102
\@IEEEtrantmpdimenB=\dimen103
\@IEEEtrantmpcountA=\count79
\@IEEEtrantmpcountB=\count80
\@IEEEtrantmptoksA=\toks14
-- Using IEEE Computer Society mode.
LaTeX Font Info:    Try loading font information for TU+ppl on input line 368.
LaTeX Font Info:    No file TUppl.fd. on input line 368.

LaTeX Font Warning: Font shape `TU/ppl/m/n' undefined
(Font)              using `TU/lmr/m/n' instead on input line 368.

-- Using 8.5in x 11in (letter) paper.
-- Using DVI output.
\@IEEEnormalsizeunitybaselineskip=\dimen104
-- This is a 12 point document.
\CLASSINFOnormalsizebaselineskip=\dimen105
\CLASSINFOnormalsizeunitybaselineskip=\dimen106
\IEEEnormaljot=\dimen107

LaTeX Font Warning: Font shape `TU/ppl/bx/n' undefined
(Font)              using `TU/ppl/m/n' instead on input line 726.


LaTeX Font Warning: Font shape `TU/ppl/m/it' undefined
(Font)              using `TU/ppl/m/n' instead on input line 726.


LaTeX Font Warning: Font shape `TU/ppl/bx/it' undefined
(Font)              using `TU/ppl/bx/n' instead on input line 726.

\IEEEilabelindentA=\dimen108
\IEEEilabelindentB=\dimen109
\IEEEilabelindent=\dimen110
\IEEEelabelindent=\dimen111
\IEEEdlabelindent=\dimen112
\IEEElabelindent=\dimen113
\IEEEiednormlabelsep=\dimen114
\IEEEiedmathlabelsep=\dimen115
\IEEEiedtopsep=\skip41
\c@section=\count81
\c@subsection=\count82
\c@subsubsection=\count83
\c@paragraph=\count84
\c@IEEEsubequation=\count85
\abovecaptionskip=\skip42
\belowcaptionskip=\skip43
\c@figure=\count86
\c@table=\count87
\@IEEEeqnnumcols=\count88
\@IEEEeqncolcnt=\count89
\@IEEEsubeqnnumrollback=\count90
\@IEEEtmpitemindent=\dimen116
\c@IEEEbiography=\count91
\@IEEEtranrubishbin=\box26
) (./adv.aux)
\openout1 = `adv.aux'.

LaTeX Font Info:    Checking defaults for OML/cmm/m/it on input line 543.
LaTeX Font Info:    ... okay on input line 543.
LaTeX Font Info:    Checking defaults for T1/cmr/m/n on input line 543.
LaTeX Font Info:    ... okay on input line 543.
LaTeX Font Info:    Checking defaults for OT1/cmr/m/n on input line 543.
LaTeX Font Info:    ... okay on input line 543.
LaTeX Font Info:    Checking defaults for OMS/cmsy/m/n on input line 543.
LaTeX Font Info:    ... okay on input line 543.
LaTeX Font Info:    Checking defaults for TU/lmr/m/n on input line 543.
LaTeX Font Info:    ... okay on input line 543.
LaTeX Font Info:    Checking defaults for OMX/cmex/m/n on input line 543.
LaTeX Font Info:    ... okay on input line 543.
LaTeX Font Info:    Checking defaults for U/cmr/m/n on input line 543.
LaTeX Font Info:    ... okay on input line 543.
LaTeX Font Info:    Try loading font information for TU+phv on input line 655.
LaTeX Font Info:    No file TUphv.fd. on input line 655.


LaTeX Font Warning: Font shape `TU/phv/m/n' undefined
(Font)              using `TU/lmr/m/n' instead on input line 655.


LaTeX Font Warning: Font shape `TU/phv/m/it' undefined
(Font)              using `TU/phv/m/n' instead on input line 655.


LaTeX Font Warning: Font shape `TU/phv/bx/n' undefined
(Font)              using `TU/phv/m/n' instead on input line 655.

LaTeX Font Info:    External font `cmex10' loaded for size
(Font)              <9> on input line 655.
LaTeX Font Info:    External font `cmex10' loaded for size
(Font)              <6> on input line 655.
LaTeX Font Info:    External font `cmex10' loaded for size
(Font)              <5> on input line 655.
LaTeX Font Info:    Calculating math sizes for size <14> on input line 655.
LaTeX Font Info:    External font `cmex10' loaded for size
(Font)              <14> on input line 655.
LaTeX Font Info:    External font `cmex10' loaded for size
(Font)              <9.79996> on input line 655.
LaTeX Font Info:    External font `cmex10' loaded for size
(Font)              <7> on input line 655.
LaTeX Font Info:    Try loading font information for U+pzd on input line 655.
(/usr/share/texlive/texmf-dist/tex/latex/psnfss/upzd.fd
File: upzd.fd 2001/06/04 font definitions for U/pzd.
)

LaTeX Font Warning: Font shape `TU/phv/bx/sc' undefined
(Font)              using `TU/phv/bx/n' instead on input line 682.


LaTeX Font Warning: Font shape `TU/ppl/m/sc' undefined
(Font)              using `TU/ppl/m/n' instead on input line 719.

LaTeX Font Info:    External font `cmex10' loaded for size
(Font)              <12> on input line 720.
LaTeX Font Info:    External font `cmex10' loaded for size
(Font)              <8> on input line 720.
[1


] (./adv.aux)

LaTeX Font Warning: Some font shapes were not available, defaults substituted.

 ) 
Here is how much of TeX's memory you used:
 935 strings out of 493007
 16478 string characters out of 6136718
 82238 words of memory out of 5000000
 4957 multiletter control sequences out of 15000+600000
 8649 words of font info for 41 fonts, out of 8000000 for 9000
 1351 hyphenation exceptions out of 8191
 27i,8n,28p,224b,301s stack positions out of 5000i,500n,10000p,200000b,80000s

Output written on adv.pdf (1 page).
